<?xml version="1.0" encoding="UTF-8"?>
<!-- Generated by org.testng.reporters.JUnitReportReporter -->
<testsuite skipped="0" hostname="Ravis-MacBook-Air.local" name="com.vdb.qa.testcases.SignUpPageTest" tests="1" failures="0" timestamp="23 Sep 2018 11:53:06 GMT" time="5.650" errors="0">
  <testcase name="verifySignUpPagePlaceHolderText" time="5.650" classname="com.vdb.qa.testcases.SignUpPageTest"/>
</testsuite> <!-- com.vdb.qa.testcases.SignUpPageTest -->
