<?xml version="1.0" encoding="UTF-8"?>
<!-- Generated by org.testng.reporters.JUnitReportReporter -->
<testsuite skipped="0" hostname="Ravis-MacBook-Air.local" name="com.vdb.qa.testcases.SearchHomePageTest" tests="1" failures="0" timestamp="20 May 2018 09:43:01 GMT" time="14.598" errors="0">
  <testcase name="verifyValidLogin" time="14.598" classname="com.vdb.qa.testcases.SearchHomePageTest"/>
</testsuite> <!-- com.vdb.qa.testcases.SearchHomePageTest -->
